2019-09-23 21:49:08 INFO  yandexTest:31 - Before CHROME
2019-09-23 22:15:05 INFO  yandexTest:31 - Before CHROME
2019-09-23 22:15:18 INFO  yandexTest:54 - Переходим в Маркет
2019-09-23 22:15:20 INFO  yandexTest:57 - Переходим в Электронику
2019-09-23 22:15:26 INFO  yandexTest:59 - Переходим в Телевизоры
2019-09-23 22:15:28 INFO  yandexTest:62 - Устанавливаем цену
2019-09-23 22:15:28 INFO  yandexTest:65 - Устанавливаем диагональ
2019-09-23 22:15:36 INFO  yandexTest:75 - Находим элементыс пометкой "Выбор покупателя"
2019-09-23 22:15:39 INFO  yandexTest:84 - Добавляем к сравнению
2019-09-23 22:15:39 INFO  yandexTest:86 - Товар Телевизор Thomson T32RTE1220 добавлен к сравнению
2019-09-23 22:15:44 INFO  yandexTest:93 - Переходим в сравнение
2019-09-23 22:15:44 INFO  yandexTest:106 - Quit
2019-09-23 22:19:40 INFO  yandexTest:31 - Before CHROME
2019-09-23 22:19:48 INFO  yandexTest:52 - Переходим в Маркет
2019-09-23 22:19:53 INFO  yandexTest:55 - Переходим в Электронику
2019-09-23 22:19:55 INFO  yandexTest:57 - Переходим в Телевизоры
2019-09-23 22:20:00 INFO  yandexTest:59 - Устанавливаем цену
2019-09-23 22:20:02 INFO  yandexTest:63 - Устанавливаем диагональ
2019-09-23 22:20:10 INFO  yandexTest:73 - Находим элементы с пометкой "Выбор покупателя"
2019-09-23 22:20:10 INFO  yandexTest:75 - Добавляем к сравнению
2019-09-23 22:20:11 INFO  yandexTest:80 - Товар Телевизор BBK 32LEM-1045/T2C добавлен к сравнению
2019-09-23 22:20:11 INFO  yandexTest:80 - Товар Телевизор BBK 32LEM-1045/T2C добавлен к сравнению
2019-09-23 22:20:13 INFO  yandexTest:80 - Товар Телевизор Prestigio 32 Space S добавлен к сравнению
2019-09-23 22:20:13 INFO  yandexTest:80 - Товар Телевизор Prestigio 32 Space S добавлен к сравнению
2019-09-23 22:20:14 INFO  yandexTest:80 - Товар Телевизор Thomson T32RTE1220 добавлен к сравнению
2019-09-23 22:20:18 INFO  yandexTest:93 - Переходим в сравнение
2019-09-23 22:20:19 INFO  yandexTest:106 - Quit
2019-09-23 22:21:22 INFO  yandexTest:31 - Before CHROME
2019-09-23 22:21:29 INFO  yandexTest:52 - Переходим в Маркет
2019-09-23 22:21:33 INFO  yandexTest:55 - Переходим в Электронику
2019-09-23 22:21:35 INFO  yandexTest:57 - Переходим в Телевизоры
2019-09-23 22:21:40 INFO  yandexTest:59 - Устанавливаем цену
2019-09-23 22:21:42 INFO  yandexTest:63 - Устанавливаем диагональ
2019-09-23 22:21:49 INFO  yandexTest:73 - Находим элементы с пометкой "Выбор покупателя"
2019-09-23 22:21:49 INFO  yandexTest:75 - Добавляем к сравнению
2019-09-23 22:21:50 INFO  yandexTest:80 - Товар Телевизор BBK 32LEM-1045/T2C добавлен к сравнению
2019-09-23 22:21:50 INFO  yandexTest:80 - Товар Телевизор BBK 32LEM-1045/T2C добавлен к сравнению
2019-09-23 22:21:51 INFO  yandexTest:80 - Товар Телевизор Irbis 32S31HD307B добавлен к сравнению
2019-09-23 22:21:52 INFO  yandexTest:80 - Товар Телевизор Prestigio 32 Space S добавлен к сравнению
2019-09-23 22:21:53 INFO  yandexTest:106 - Quit
2019-09-23 22:28:28 INFO  yandexTest:31 - Before CHROME
2019-09-23 22:28:35 INFO  yandexTest:52 - Переходим в Маркет
2019-09-23 22:28:40 INFO  yandexTest:55 - Переходим в Электронику
2019-09-23 22:28:42 INFO  yandexTest:57 - Переходим в Телевизоры
2019-09-23 22:28:48 INFO  yandexTest:59 - Устанавливаем цену
2019-09-23 22:28:50 INFO  yandexTest:63 - Устанавливаем диагональ
2019-09-23 22:28:58 INFO  yandexTest:73 - Находим элементы с пометкой "Выбор покупателя"
2019-09-23 22:28:58 INFO  yandexTest:75 - Добавляем к сравнению
2019-09-23 22:28:59 INFO  yandexTest:80 - Товар Телевизор BBK 32LEM-1045/T2C добавлен к сравнению
2019-09-23 22:29:00 INFO  yandexTest:80 - Товар Телевизор BBK 32LEM-1045/T2C добавлен к сравнению
2019-09-23 22:29:01 INFO  yandexTest:80 - Товар Телевизор Prestigio 32 Space S добавлен к сравнению
2019-09-23 22:29:01 INFO  yandexTest:80 - Товар Телевизор Prestigio 32 Space S добавлен к сравнению
2019-09-23 22:29:02 INFO  yandexTest:80 - Товар Телевизор Thomson T32RTE1220 добавлен к сравнению
2019-09-23 22:29:11 INFO  yandexTest:95 - Переходим в сравнение
2019-09-23 22:29:14 INFO  yandexTest:98 - Проверяем количество элементов на странице
2019-09-23 22:29:14 INFO  yandexTest:111 - Quit
2019-09-23 22:30:13 INFO  yandexTest:31 - Before CHROME
2019-09-23 22:30:19 INFO  yandexTest:52 - Переходим в Маркет
2019-09-23 22:30:23 INFO  yandexTest:55 - Переходим в Электронику
2019-09-23 22:30:25 INFO  yandexTest:57 - Переходим в Телевизоры
2019-09-23 22:30:32 INFO  yandexTest:59 - Устанавливаем цену
2019-09-23 22:30:33 INFO  yandexTest:63 - Устанавливаем диагональ
2019-09-23 22:30:41 INFO  yandexTest:73 - Находим элементы с пометкой "Выбор покупателя"
2019-09-23 22:30:41 INFO  yandexTest:75 - Добавляем к сравнению
2019-09-23 22:30:42 INFO  yandexTest:80 - Товар Телевизор BBK 32LEM-1045/T2C добавлен к сравнению
2019-09-23 22:30:43 INFO  yandexTest:111 - Quit
2019-09-23 22:31:02 INFO  yandexTest:31 - Before CHROME
2019-09-23 22:31:08 INFO  yandexTest:52 - Переходим в Маркет
2019-09-23 22:31:12 INFO  yandexTest:55 - Переходим в Электронику
2019-09-23 22:31:14 INFO  yandexTest:57 - Переходим в Телевизоры
2019-09-23 22:31:20 INFO  yandexTest:59 - Устанавливаем цену
2019-09-23 22:31:22 INFO  yandexTest:63 - Устанавливаем диагональ
2019-09-23 22:31:30 INFO  yandexTest:73 - Находим элементы с пометкой "Выбор покупателя"
2019-09-23 22:31:30 INFO  yandexTest:75 - Добавляем к сравнению
2019-09-23 22:31:30 INFO  yandexTest:80 - Товар Телевизор BBK 32LEM-1045/T2C добавлен к сравнению
2019-09-23 22:31:31 INFO  yandexTest:111 - Quit
2019-09-23 22:35:15 INFO  yandexTest:31 - Before CHROME
2019-09-23 22:35:22 INFO  yandexTest:52 - Переходим в Маркет
2019-09-23 22:35:27 INFO  yandexTest:55 - Переходим в Электронику
2019-09-23 22:35:29 INFO  yandexTest:57 - Переходим в Телевизоры
2019-09-23 22:35:35 INFO  yandexTest:59 - Устанавливаем цену
2019-09-23 22:35:37 INFO  yandexTest:63 - Устанавливаем диагональ
2019-09-23 22:35:44 INFO  yandexTest:73 - Находим элементы с пометкой "Выбор покупателя"
2019-09-23 22:35:44 INFO  yandexTest:75 - Добавляем к сравнению
2019-09-23 22:35:45 INFO  yandexTest:80 - Товар Телевизор BBK 32LEM-1045/T2C добавлен к сравнению
2019-09-23 22:35:46 INFO  yandexTest:111 - Quit
2019-09-23 22:37:37 INFO  yandexTest:31 - Before CHROME
2019-09-23 22:37:44 INFO  yandexTest:52 - Переходим в Маркет
2019-09-23 22:37:48 INFO  yandexTest:55 - Переходим в Электронику
2019-09-23 22:37:50 INFO  yandexTest:57 - Переходим в Телевизоры
2019-09-23 22:37:56 INFO  yandexTest:59 - Устанавливаем цену
2019-09-23 22:37:57 INFO  yandexTest:63 - Устанавливаем диагональ
2019-09-23 22:38:05 INFO  yandexTest:73 - Находим элементы с пометкой "Выбор покупателя"
2019-09-23 22:38:05 INFO  yandexTest:75 - Добавляем к сравнению
2019-09-23 22:38:05 INFO  yandexTest:81 - Товар Телевизор BBK 32LEM-1045/T2C добавлен к сравнению
2019-09-23 22:38:06 INFO  yandexTest:81 - Товар Телевизор Irbis 32S31HD307B добавлен к сравнению
2019-09-23 22:38:07 INFO  yandexTest:81 - Товар Телевизор Prestigio 32 Space S добавлен к сравнению
2019-09-23 22:38:08 INFO  yandexTest:81 - Товар Телевизор Prestigio 32 Space S добавлен к сравнению
2019-09-23 22:38:09 INFO  yandexTest:81 - Товар Телевизор Thomson T32RTE1250 добавлен к сравнению
2019-09-23 22:38:18 INFO  yandexTest:96 - Переходим в сравнение
2019-09-23 22:38:20 INFO  yandexTest:99 - Проверяем количество элементов на странице
2019-09-23 22:38:20 INFO  yandexTest:104 - number of elements found by By.cssSelector: div.n-compare-cell to be "5". Current number: "0"
2019-09-23 22:38:20 INFO  yandexTest:112 - Quit
2019-09-23 22:39:16 INFO  yandexTest:31 - Before CHROME
2019-09-23 22:39:22 INFO  yandexTest:52 - Переходим в Маркет
2019-09-23 22:39:25 INFO  yandexTest:55 - Переходим в Электронику
2019-09-23 22:39:27 INFO  yandexTest:57 - Переходим в Телевизоры
2019-09-23 22:39:33 INFO  yandexTest:59 - Устанавливаем цену
2019-09-23 22:39:34 INFO  yandexTest:63 - Устанавливаем диагональ
2019-09-23 22:39:42 INFO  yandexTest:73 - Находим элементы с пометкой "Выбор покупателя"
2019-09-23 22:39:42 INFO  yandexTest:75 - Добавляем к сравнению
2019-09-23 22:39:43 INFO  yandexTest:81 - Товар Телевизор BBK 32LEM-1045/T2C добавлен к сравнению
2019-09-23 22:39:43 INFO  yandexTest:81 - Товар Телевизор Irbis 32S31HD307B добавлен к сравнению
2019-09-23 22:39:44 INFO  yandexTest:81 - Товар Телевизор Prestigio 32 Space S добавлен к сравнению
2019-09-23 22:39:45 INFO  yandexTest:81 - Товар Телевизор Thomson T32RTE1220 добавлен к сравнению
2019-09-23 22:39:46 INFO  yandexTest:81 - Товар Телевизор Thomson T32RTE1220 добавлен к сравнению
2019-09-23 22:39:54 INFO  yandexTest:96 - Переходим в сравнение
2019-09-23 22:39:57 INFO  yandexTest:99 - Проверяем количество элементов на странице
2019-09-23 22:39:57 INFO  yandexTest:104 - number of elements found by By.cssSelector: div.n-compare-head__image to be "5". Current number: "0"
2019-09-23 22:39:57 INFO  yandexTest:112 - Quit
2019-09-23 22:44:07 INFO  yandexTest:31 - Before CHROME
2019-09-23 22:44:14 INFO  yandexTest:52 - Переходим в Маркет
2019-09-23 22:44:17 INFO  yandexTest:55 - Переходим в Электронику
2019-09-23 22:44:19 INFO  yandexTest:57 - Переходим в Телевизоры
2019-09-23 22:44:25 INFO  yandexTest:59 - Устанавливаем цену
2019-09-23 22:44:26 INFO  yandexTest:63 - Устанавливаем диагональ
2019-09-23 22:44:34 INFO  yandexTest:73 - Находим элементы с пометкой "Выбор покупателя"
2019-09-23 22:44:34 INFO  yandexTest:75 - Добавляем к сравнению
2019-09-23 22:44:35 INFO  yandexTest:81 - Товар Телевизор BBK 32LEM-1045/T2C добавлен к сравнению
2019-09-23 22:44:36 INFO  yandexTest:81 - Товар Телевизор BBK 32LEM-1045/T2C добавлен к сравнению
2019-09-23 22:44:37 INFO  yandexTest:112 - Quit
2019-09-23 22:49:04 INFO  yandexTest:31 - Before CHROME
2019-09-23 22:49:13 INFO  yandexTest:52 - Переходим в Маркет
2019-09-23 22:49:17 INFO  yandexTest:55 - Переходим в Электронику
2019-09-23 22:49:19 INFO  yandexTest:57 - Переходим в Телевизоры
2019-09-23 22:49:25 INFO  yandexTest:59 - Устанавливаем цену
2019-09-23 22:49:27 INFO  yandexTest:63 - Устанавливаем диагональ
2019-09-23 22:49:35 INFO  yandexTest:73 - Находим элементы с пометкой "Выбор покупателя"
2019-09-23 22:49:35 INFO  yandexTest:75 - Добавляем к сравнению
2019-09-23 22:49:36 INFO  yandexTest:80 - Товар Телевизор BBK 32LEM-1045/T2C добавлен к сравнению
2019-09-23 22:49:37 INFO  yandexTest:113 - Quit
2019-09-23 22:51:30 INFO  yandexTest:31 - Before CHROME
2019-09-23 22:51:41 INFO  yandexTest:52 - Переходим в Маркет
2019-09-23 22:51:49 INFO  yandexTest:55 - Переходим в Электронику
2019-09-23 22:51:52 INFO  yandexTest:57 - Переходим в Телевизоры
2019-09-23 22:52:01 INFO  yandexTest:59 - Устанавливаем цену
2019-09-23 22:52:04 INFO  yandexTest:63 - Устанавливаем диагональ
2019-09-23 22:52:15 INFO  yandexTest:73 - Находим элементы с пометкой "Выбор покупателя"
2019-09-23 22:52:16 INFO  yandexTest:75 - Добавляем к сравнению
2019-09-23 22:52:17 INFO  yandexTest:81 - Товар Телевизор BBK 32LEM-1045/T2C добавлен к сравнению
2019-09-23 22:52:18 INFO  yandexTest:81 - Товар Телевизор BBK 32LEM-1045/T2C добавлен к сравнению
2019-09-23 22:52:19 INFO  yandexTest:81 - Товар Телевизор Prestigio 32 Space S добавлен к сравнению
2019-09-23 22:52:20 INFO  yandexTest:81 - Товар Телевизор Prestigio 32 Space S добавлен к сравнению
2019-09-23 22:52:21 INFO  yandexTest:81 - Товар Телевизор Thomson T32RTE1250 добавлен к сравнению
2019-09-23 22:52:30 INFO  yandexTest:97 - Переходим в сравнение
2019-09-23 22:52:33 INFO  yandexTest:100 - Проверяем количество элементов на странице
2019-09-23 22:52:33 INFO  yandexTest:105 - number of elements found by By.cssSelector: div.n-compare-cell to be "5". Current number: "0"
2019-09-23 22:52:34 INFO  yandexTest:113 - Quit
2019-09-23 22:55:08 INFO  yandexTest:31 - Before CHROME
2019-09-23 22:55:14 INFO  yandexTest:52 - Переходим в Маркет
2019-09-23 22:55:18 INFO  yandexTest:55 - Переходим в Электронику
2019-09-23 22:55:20 INFO  yandexTest:57 - Переходим в Телевизоры
2019-09-23 22:55:27 INFO  yandexTest:59 - Устанавливаем цену
2019-09-23 22:55:28 INFO  yandexTest:63 - Устанавливаем диагональ
2019-09-23 22:55:35 INFO  yandexTest:73 - Находим элементы с пометкой "Выбор покупателя"
2019-09-23 22:55:35 INFO  yandexTest:75 - Добавляем к сравнению
2019-09-23 22:55:36 INFO  yandexTest:81 - Товар Телевизор BBK 32LEM-1045/T2C добавлен к сравнению
2019-09-23 22:55:38 INFO  yandexTest:81 - Товар Телевизор Irbis 32S31HD307B добавлен к сравнению
2019-09-23 22:55:38 INFO  yandexTest:81 - Товар Телевизор Prestigio 32 Space S добавлен к сравнению
2019-09-23 22:55:39 INFO  yandexTest:81 - Товар Телевизор Prestigio 32 Space S добавлен к сравнению
2019-09-23 22:55:40 INFO  yandexTest:113 - Quit
2019-09-23 22:57:21 INFO  yandexTest:31 - Before CHROME
2019-09-23 22:57:30 INFO  yandexTest:52 - Переходим в Маркет
2019-09-23 22:57:36 INFO  yandexTest:55 - Переходим в Электронику
2019-09-23 22:57:39 INFO  yandexTest:57 - Переходим в Телевизоры
2019-09-23 22:57:46 INFO  yandexTest:59 - Устанавливаем цену
2019-09-23 22:57:48 INFO  yandexTest:63 - Устанавливаем диагональ
2019-09-23 22:57:56 INFO  yandexTest:73 - Находим элементы с пометкой "Выбор покупателя"
2019-09-23 22:57:56 INFO  yandexTest:75 - Добавляем к сравнению
2019-09-23 22:57:57 INFO  yandexTest:82 - Товар Телевизор BBK 32LEM-1045/T2C добавлен к сравнению
2019-09-23 22:57:58 INFO  yandexTest:82 - Товар Телевизор BBK 32LEM-1045/T2C добавлен к сравнению
2019-09-23 22:57:59 INFO  yandexTest:82 - Товар Телевизор Prestigio 32 Space S добавлен к сравнению
2019-09-23 22:58:00 INFO  yandexTest:82 - Товар Телевизор Thomson T32RTE1220 добавлен к сравнению
2019-09-23 22:58:01 INFO  yandexTest:82 - Товар Телевизор Thomson T32RTE1250 добавлен к сравнению
2019-09-23 22:58:10 INFO  yandexTest:98 - Переходим в сравнение
2019-09-23 22:58:12 INFO  yandexTest:101 - Проверяем количество элементов на странице
2019-09-23 22:58:12 INFO  yandexTest:106 - number of elements found by By.cssSelector: div.n-compare-cell to be "5". Current number: "0"
2019-09-23 22:58:13 INFO  yandexTest:114 - Quit
2019-09-23 23:04:41 INFO  yandexTest:31 - Before CHROME
2019-09-23 23:04:48 INFO  yandexTest:52 - Переходим в Маркет
2019-09-23 23:04:51 INFO  yandexTest:55 - Переходим в Электронику
2019-09-23 23:04:53 INFO  yandexTest:57 - Переходим в Телевизоры
2019-09-23 23:04:58 INFO  yandexTest:59 - Устанавливаем цену
2019-09-23 23:05:00 INFO  yandexTest:63 - Устанавливаем диагональ
2019-09-23 23:05:07 INFO  yandexTest:73 - Находим элементы с пометкой "Выбор покупателя"
2019-09-23 23:05:07 INFO  yandexTest:75 - Добавляем к сравнению
2019-09-23 23:05:11 INFO  yandexTest:87 - Товар Телевизор BBK 32LEM-1045/T2C добавлен к сравнению
2019-09-23 23:05:15 INFO  yandexTest:87 - Товар Телевизор Irbis 32S31HD307B добавлен к сравнению
2019-09-23 23:05:18 INFO  yandexTest:87 - Товар Телевизор Prestigio 32 Space S добавлен к сравнению
2019-09-23 23:05:22 INFO  yandexTest:87 - Товар Телевизор Thomson T32RTE1220 добавлен к сравнению
2019-09-23 23:05:25 INFO  yandexTest:87 - Товар Телевизор Thomson T32RTE1250 добавлен к сравнению
2019-09-23 23:05:34 INFO  yandexTest:103 - Переходим в сравнение
2019-09-23 23:05:36 INFO  yandexTest:106 - Проверяем количество элементов на странице
2019-09-23 23:05:36 INFO  yandexTest:111 - number of elements found by By.cssSelector: div.n-compare-cell to be "5". Current number: "0"
2019-09-23 23:05:36 INFO  yandexTest:119 - Quit
2019-09-23 23:07:03 INFO  yandexTest:31 - Before CHROME
2019-09-23 23:07:12 INFO  yandexTest:52 - Переходим в Маркет
2019-09-23 23:07:16 INFO  yandexTest:55 - Переходим в Электронику
2019-09-23 23:07:19 INFO  yandexTest:57 - Переходим в Телевизоры
2019-09-23 23:07:25 INFO  yandexTest:59 - Устанавливаем цену
2019-09-23 23:07:26 INFO  yandexTest:63 - Устанавливаем диагональ
2019-09-23 23:07:34 INFO  yandexTest:73 - Находим элементы с пометкой "Выбор покупателя"
2019-09-23 23:07:34 INFO  yandexTest:75 - Добавляем к сравнению
2019-09-23 23:07:34 INFO  yandexTest:85 - Товар Телевизор BBK 32LEM-1045/T2C добавлен к сравнению
2019-09-23 23:07:35 INFO  yandexTest:85 - Товар Телевизор Irbis 32S31HD307B добавлен к сравнению
2019-09-23 23:07:36 INFO  yandexTest:85 - Товар Телевизор Irbis 32S31HD307B добавлен к сравнению
2019-09-23 23:07:37 INFO  yandexTest:85 - Товар Телевизор Prestigio 32 Space S добавлен к сравнению
2019-09-23 23:07:38 INFO  yandexTest:85 - Товар Телевизор Thomson T32RTE1250 добавлен к сравнению
2019-09-23 23:07:47 INFO  yandexTest:101 - Переходим в сравнение
2019-09-23 23:07:49 INFO  yandexTest:104 - Проверяем количество элементов на странице
2019-09-23 23:07:49 INFO  yandexTest:109 - number of elements found by By.cssSelector: div.n-compare-cell to be "5". Current number: "0"
2019-09-23 23:07:49 INFO  yandexTest:117 - Quit
2019-09-23 23:08:14 INFO  yandexTest:31 - Before CHROME
2019-09-23 23:08:23 INFO  yandexTest:52 - Переходим в Маркет
2019-09-23 23:08:28 INFO  yandexTest:55 - Переходим в Электронику
2019-09-23 23:08:31 INFO  yandexTest:57 - Переходим в Телевизоры
2019-09-23 23:08:40 INFO  yandexTest:59 - Устанавливаем цену
2019-09-23 23:08:42 INFO  yandexTest:63 - Устанавливаем диагональ
2019-09-23 23:08:48 INFO  yandexTest:73 - Находим элементы с пометкой "Выбор покупателя"
2019-09-23 23:08:48 INFO  yandexTest:75 - Добавляем к сравнению
2019-09-23 23:08:49 INFO  yandexTest:85 - Товар Телевизор BBK 32LEM-1045/T2C добавлен к сравнению
2019-09-23 23:08:50 INFO  yandexTest:85 - Товар Телевизор Irbis 32S31HD307B добавлен к сравнению
2019-09-23 23:08:51 INFO  yandexTest:85 - Товар Телевизор Prestigio 32 Space S добавлен к сравнению
2019-09-23 23:08:52 INFO  yandexTest:85 - Товар Телевизор Prestigio 32 Space S добавлен к сравнению
2019-09-23 23:08:54 INFO  yandexTest:85 - Товар Телевизор Thomson T32RTE1250 добавлен к сравнению
2019-09-23 23:09:03 INFO  yandexTest:101 - Переходим в сравнение
2019-09-23 23:09:08 INFO  yandexTest:104 - Проверяем количество элементов на странице
2019-09-23 23:09:08 INFO  yandexTest:109 - number of elements found by By.cssSelector: div.n-compare-cell to be "5". Current number: "0"
2019-09-23 23:09:08 INFO  yandexTest:117 - Quit
2019-09-23 23:11:29 INFO  yandexTest:31 - Before CHROME
2019-09-23 23:11:36 INFO  yandexTest:52 - Переходим в Маркет
2019-09-23 23:11:41 INFO  yandexTest:55 - Переходим в Электронику
2019-09-23 23:11:43 INFO  yandexTest:57 - Переходим в Телевизоры
2019-09-23 23:11:51 INFO  yandexTest:59 - Устанавливаем цену
2019-09-23 23:11:53 INFO  yandexTest:63 - Устанавливаем диагональ
2019-09-23 23:12:01 INFO  yandexTest:73 - Находим элементы с пометкой "Выбор покупателя"
2019-09-23 23:12:01 INFO  yandexTest:75 - Добавляем к сравнению
2019-09-23 23:12:02 INFO  yandexTest:85 - Товар Телевизор BBK 32LEM-1045/T2C добавлен к сравнению
2019-09-23 23:12:06 INFO  yandexTest:117 - Quit
2019-09-23 23:13:08 INFO  yandexTest:31 - Before CHROME
2019-09-23 23:13:17 INFO  yandexTest:52 - Переходим в Маркет
2019-09-23 23:13:22 INFO  yandexTest:55 - Переходим в Электронику
2019-09-23 23:13:25 INFO  yandexTest:57 - Переходим в Телевизоры
2019-09-23 23:13:33 INFO  yandexTest:59 - Устанавливаем цену
2019-09-23 23:13:35 INFO  yandexTest:63 - Устанавливаем диагональ
2019-09-23 23:13:44 INFO  yandexTest:73 - Находим элементы с пометкой "Выбор покупателя"
2019-09-23 23:13:44 INFO  yandexTest:75 - Добавляем к сравнению
2019-09-23 23:13:46 INFO  yandexTest:85 - Товар Телевизор BBK 32LEM-1045/T2C добавлен к сравнению
2019-09-23 23:13:47 INFO  yandexTest:85 - Товар Телевизор Irbis 32S31HD307B добавлен к сравнению
2019-09-23 23:13:48 INFO  yandexTest:85 - Товар Телевизор Prestigio 32 Space S добавлен к сравнению
2019-09-23 23:13:49 INFO  yandexTest:85 - Товар Телевизор Thomson T32RTE1220 добавлен к сравнению
2019-09-23 23:13:50 INFO  yandexTest:85 - Товар Телевизор Thomson T32RTE1250 добавлен к сравнению
2019-09-23 23:13:54 INFO  yandexTest:117 - Quit
2019-09-23 23:16:05 INFO  yandexTest:31 - Before CHROME
2019-09-23 23:16:12 INFO  yandexTest:52 - Переходим в Маркет
2019-09-23 23:16:16 INFO  yandexTest:55 - Переходим в Электронику
2019-09-23 23:16:18 INFO  yandexTest:57 - Переходим в Телевизоры
2019-09-23 23:16:24 INFO  yandexTest:59 - Устанавливаем цену
2019-09-23 23:16:25 INFO  yandexTest:63 - Устанавливаем диагональ
2019-09-23 23:16:33 INFO  yandexTest:73 - Находим элементы с пометкой "Выбор покупателя"
2019-09-23 23:16:33 INFO  yandexTest:75 - Добавляем к сравнению
2019-09-23 23:16:34 INFO  yandexTest:85 - Товар Телевизор BBK 32LEM-1045/T2C добавлен к сравнению
2019-09-23 23:16:35 INFO  yandexTest:85 - Товар Телевизор Irbis 32S31HD307B добавлен к сравнению
2019-09-23 23:16:36 INFO  yandexTest:85 - Товар Телевизор Prestigio 32 Space S добавлен к сравнению
2019-09-23 23:16:36 INFO  yandexTest:85 - Товар Телевизор Prestigio 32 Space S добавлен к сравнению
2019-09-23 23:16:37 INFO  yandexTest:85 - Товар Телевизор Thomson T32RTE1250 добавлен к сравнению
2019-09-23 23:16:46 INFO  yandexTest:101 - Переходим в сравнение
2019-09-23 23:16:49 INFO  yandexTest:104 - Проверяем количество элементов на странице
2019-09-23 23:16:53 INFO  yandexTest:117 - Quit
2019-09-23 23:17:44 INFO  yandexTest:31 - Before CHROME
2019-09-23 23:17:54 INFO  yandexTest:52 - Переходим в Маркет
2019-09-23 23:17:59 INFO  yandexTest:55 - Переходим в Электронику
2019-09-23 23:18:02 INFO  yandexTest:57 - Переходим в Телевизоры
2019-09-23 23:18:08 INFO  yandexTest:59 - Устанавливаем цену
2019-09-23 23:18:10 INFO  yandexTest:63 - Устанавливаем диагональ
2019-09-23 23:18:17 INFO  yandexTest:73 - Находим элементы с пометкой "Выбор покупателя"
2019-09-23 23:18:17 INFO  yandexTest:75 - Добавляем к сравнению
2019-09-23 23:18:18 INFO  yandexTest:85 - Товар Телевизор BBK 32LEM-1045/T2C добавлен к сравнению
2019-09-23 23:18:19 INFO  yandexTest:85 - Товар Телевизор Irbis 32S31HD307B добавлен к сравнению
2019-09-23 23:18:20 INFO  yandexTest:85 - Товар Телевизор Irbis 32S31HD307B добавлен к сравнению
2019-09-23 23:18:20 INFO  yandexTest:85 - Товар Телевизор Prestigio 32 Space S добавлен к сравнению
2019-09-23 23:18:22 INFO  yandexTest:85 - Товар Телевизор Thomson T32RTE1250 добавлен к сравнению
2019-09-23 23:18:31 INFO  yandexTest:101 - Переходим в сравнение
2019-09-23 23:18:33 INFO  yandexTest:104 - Проверяем количество элементов на странице
2019-09-23 23:18:33 INFO  yandexTest:110 - 5
2019-09-23 23:18:33 INFO  yandexTest:117 - Quit
2019-09-23 23:31:08 INFO  yandexTest:31 - Before CHROME
2019-09-23 23:31:15 INFO  yandexTest:52 - Переходим в Маркет
2019-09-23 23:31:21 INFO  yandexTest:55 - Переходим в Электронику
2019-09-23 23:31:24 INFO  yandexTest:57 - Переходим в Телевизоры
2019-09-23 23:31:30 INFO  yandexTest:59 - Устанавливаем цену
2019-09-23 23:31:31 INFO  yandexTest:63 - Устанавливаем диагональ
2019-09-23 23:31:39 INFO  yandexTest:73 - Находим элементы с пометкой "Выбор покупателя"
2019-09-23 23:31:39 INFO  yandexTest:75 - Добавляем к сравнению
2019-09-23 23:31:51 INFO  yandexTest:101 - Переходим в сравнение
2019-09-23 23:31:54 INFO  yandexTest:104 - Проверяем количество элементов на странице
2019-09-23 23:31:54 INFO  yandexTest:110 - Элементовна странице: 5
2019-09-23 23:31:54 INFO  yandexTest:117 - Quit
2019-09-23 23:32:46 INFO  yandexTest:31 - Before CHROME
2019-09-23 23:32:56 INFO  yandexTest:52 - Переходим в Маркет
2019-09-23 23:33:01 INFO  yandexTest:55 - Переходим в Электронику
2019-09-23 23:33:04 INFO  yandexTest:57 - Переходим в Телевизоры
2019-09-23 23:33:11 INFO  yandexTest:59 - Устанавливаем цену
2019-09-23 23:33:13 INFO  yandexTest:63 - Устанавливаем диагональ
2019-09-23 23:33:22 INFO  yandexTest:73 - Находим элементы с пометкой "Выбор покупателя"
2019-09-23 23:33:22 INFO  yandexTest:75 - Добавляем к сравнению
2019-09-23 23:33:23 INFO  yandexTest:85 - Товар Телевизор BBK 32LEM-1045/T2C добавлен к сравнению
2019-09-23 23:33:24 INFO  yandexTest:85 - Товар Телевизор BBK 32LEM-1045/T2C добавлен к сравнению
2019-09-23 23:33:25 INFO  yandexTest:85 - Товар Телевизор Irbis 32S31HD307B добавлен к сравнению
2019-09-23 23:33:26 INFO  yandexTest:117 - Quit
2019-09-23 23:34:17 INFO  yandexTest:31 - Before CHROME
2019-09-23 23:34:29 INFO  yandexTest:52 - Переходим в Маркет
2019-09-23 23:34:35 INFO  yandexTest:55 - Переходим в Электронику
2019-09-23 23:34:37 INFO  yandexTest:57 - Переходим в Телевизоры
2019-09-23 23:34:43 INFO  yandexTest:59 - Устанавливаем цену
2019-09-23 23:34:44 INFO  yandexTest:63 - Устанавливаем диагональ
2019-09-23 23:34:52 INFO  yandexTest:73 - Находим элементы с пометкой "Выбор покупателя"
2019-09-23 23:34:52 INFO  yandexTest:75 - Добавляем к сравнению
2019-09-23 23:34:53 INFO  yandexTest:86 - Товар Телевизор BBK 32LEM-1045/T2C добавлен к сравнению
2019-09-23 23:34:53 INFO  yandexTest:86 - Товар Телевизор BBK 32LEM-1045/T2C добавлен к сравнению
2019-09-23 23:34:54 INFO  yandexTest:86 - Товар Телевизор Prestigio 32 Space S добавлен к сравнению
2019-09-23 23:34:55 INFO  yandexTest:118 - Quit
2019-09-23 23:35:58 INFO  yandexTest:31 - Before CHROME
2019-09-23 23:36:08 INFO  yandexTest:52 - Переходим в Маркет
2019-09-23 23:36:12 INFO  yandexTest:55 - Переходим в Электронику
2019-09-23 23:36:15 INFO  yandexTest:57 - Переходим в Телевизоры
2019-09-23 23:36:22 INFO  yandexTest:59 - Устанавливаем цену
2019-09-23 23:36:24 INFO  yandexTest:63 - Устанавливаем диагональ
2019-09-23 23:36:31 INFO  yandexTest:73 - Находим элементы с пометкой "Выбор покупателя"
2019-09-23 23:36:31 INFO  yandexTest:75 - Добавляем к сравнению
2019-09-23 23:36:32 INFO  yandexTest:86 - Товар Телевизор BBK 32LEM-1045/T2C добавлен к сравнению
2019-09-23 23:36:32 INFO  yandexTest:86 - Товар Телевизор BBK 32LEM-1045/T2C добавлен к сравнению
2019-09-23 23:36:33 INFO  yandexTest:86 - Товар Телевизор Prestigio 32 Space S добавлен к сравнению
2019-09-23 23:36:34 INFO  yandexTest:86 - Товар Телевизор Prestigio 32 Space S добавлен к сравнению
2019-09-23 23:36:35 INFO  yandexTest:86 - Товар Телевизор Thomson T32RTE1250 добавлен к сравнению
2019-09-23 23:36:43 INFO  yandexTest:102 - Переходим в сравнение
2019-09-23 23:36:46 INFO  yandexTest:105 - Проверяем количество элементов на странице
2019-09-23 23:36:46 INFO  yandexTest:111 - Элементовна странице: 5
2019-09-23 23:36:46 INFO  yandexTest:118 - Quit
2019-09-24 12:18:39 INFO  yandexTest:31 - Before CHROME
2019-09-24 12:18:49 INFO  yandexTest:52 - Переходим в Маркет
2019-09-24 12:18:54 INFO  yandexTest:55 - Переходим в Электронику
2019-09-24 12:18:56 INFO  yandexTest:57 - Переходим в Телевизоры
2019-09-24 12:19:03 INFO  yandexTest:59 - Устанавливаем цену
2019-09-24 12:19:05 INFO  yandexTest:63 - Устанавливаем диагональ
2019-09-24 12:19:13 INFO  yandexTest:73 - Находим элементы с пометкой "Выбор покупателя"
2019-09-24 12:19:13 INFO  yandexTest:75 - Добавляем к сравнению
2019-09-24 12:19:14 INFO  yandexTest:86 - Товар Телевизор BBK 32LEM-1045/T2C добавлен к сравнению
2019-09-24 12:19:16 INFO  yandexTest:86 - Товар Телевизор Irbis 32S31HD307B добавлен к сравнению
2019-09-24 12:19:18 INFO  yandexTest:86 - Товар Телевизор Prestigio 32 Space S добавлен к сравнению
2019-09-24 12:19:19 INFO  yandexTest:86 - Товар Телевизор Thomson T32RTE1220 добавлен к сравнению
2019-09-24 12:19:19 INFO  yandexTest:86 - Товар Телевизор Thomson T32RTE1220 добавлен к сравнению
2019-09-24 12:19:20 INFO  yandexTest:118 - Quit
2019-09-24 12:19:51 INFO  yandexTest:31 - Before CHROME
2019-09-24 12:19:57 INFO  yandexTest:52 - Переходим в Маркет
2019-09-24 12:19:58 INFO  yandexTest:118 - Quit
2019-09-24 12:20:16 INFO  yandexTest:31 - Before CHROME
2019-09-24 12:20:25 INFO  yandexTest:52 - Переходим в Маркет
2019-09-24 12:20:29 INFO  yandexTest:55 - Переходим в Электронику
2019-09-24 12:20:31 INFO  yandexTest:57 - Переходим в Телевизоры
2019-09-24 12:20:37 INFO  yandexTest:59 - Устанавливаем цену
2019-09-24 12:20:39 INFO  yandexTest:63 - Устанавливаем диагональ
2019-09-24 12:20:46 INFO  yandexTest:73 - Находим элементы с пометкой "Выбор покупателя"
2019-09-24 12:20:46 INFO  yandexTest:75 - Добавляем к сравнению
2019-09-24 12:20:47 INFO  yandexTest:86 - Товар Телевизор BBK 32LEM-1045/T2C добавлен к сравнению
2019-09-24 12:20:48 INFO  yandexTest:86 - Товар Телевизор BBK 32LEM-1045/T2C добавлен к сравнению
2019-09-24 12:20:49 INFO  yandexTest:86 - Товар Телевизор Irbis 32S31HD307B добавлен к сравнению
2019-09-24 12:20:50 INFO  yandexTest:86 - Товар Телевизор Thomson T32RTE1220 добавлен к сравнению
2019-09-24 12:20:50 INFO  yandexTest:86 - Товар Телевизор Thomson T32RTE1220 добавлен к сравнению
2019-09-24 12:20:54 INFO  yandexTest:118 - Quit
2019-09-24 12:21:43 INFO  yandexTest:31 - Before CHROME
2019-09-24 12:21:50 INFO  yandexTest:52 - Переходим в Маркет
2019-09-24 12:21:54 INFO  yandexTest:55 - Переходим в Электронику
2019-09-24 12:21:57 INFO  yandexTest:57 - Переходим в Телевизоры
2019-09-24 12:22:03 INFO  yandexTest:59 - Устанавливаем цену
2019-09-24 12:22:05 INFO  yandexTest:63 - Устанавливаем диагональ
2019-09-24 12:22:13 INFO  yandexTest:73 - Находим элементы с пометкой "Выбор покупателя"
2019-09-24 12:22:13 INFO  yandexTest:75 - Добавляем к сравнению
2019-09-24 12:22:13 INFO  yandexTest:86 - Товар Телевизор BBK 32LEM-1045/T2C добавлен к сравнению
2019-09-24 12:22:14 INFO  yandexTest:86 - Товар Телевизор Irbis 32S31HD307B добавлен к сравнению
2019-09-24 12:22:15 INFO  yandexTest:86 - Товар Телевизор Irbis 32S31HD307B добавлен к сравнению
2019-09-24 12:22:16 INFO  yandexTest:86 - Товар Телевизор Prestigio 32 Space S добавлен к сравнению
2019-09-24 12:22:17 INFO  yandexTest:86 - Товар Телевизор Thomson T32RTE1220 добавлен к сравнению
2019-09-24 12:22:17 INFO  yandexTest:118 - Quit
2019-09-24 12:23:48 INFO  yandexTest:31 - Before CHROME
2019-09-24 12:23:54 INFO  yandexTest:52 - Переходим в Маркет
2019-09-24 12:23:58 INFO  yandexTest:55 - Переходим в Электронику
2019-09-24 12:24:00 INFO  yandexTest:57 - Переходим в Телевизоры
2019-09-24 12:24:06 INFO  yandexTest:59 - Устанавливаем цену
2019-09-24 12:24:08 INFO  yandexTest:63 - Устанавливаем диагональ
2019-09-24 12:24:16 INFO  yandexTest:73 - Находим элементы с пометкой "Выбор покупателя"
2019-09-24 12:24:16 INFO  yandexTest:75 - Добавляем к сравнению
2019-09-24 12:24:16 INFO  yandexTest:86 - Товар Телевизор BBK 32LEM-1045/T2C добавлен к сравнению
2019-09-24 12:24:17 INFO  yandexTest:118 - Quit
2019-09-24 12:24:45 INFO  yandexTest:31 - Before CHROME
2019-09-24 12:24:57 INFO  yandexTest:52 - Переходим в Маркет
2019-09-24 12:25:01 INFO  yandexTest:55 - Переходим в Электронику
2019-09-24 12:25:03 INFO  yandexTest:57 - Переходим в Телевизоры
2019-09-24 12:25:18 INFO  yandexTest:59 - Устанавливаем цену
2019-09-24 12:25:22 INFO  yandexTest:118 - Quit
2019-09-24 12:26:57 INFO  yandexTest:31 - Before CHROME
2019-09-24 12:27:03 INFO  yandexTest:52 - Переходим в Маркет
2019-09-24 12:27:07 INFO  yandexTest:55 - Переходим в Электронику
2019-09-24 12:27:09 INFO  yandexTest:57 - Переходим в Телевизоры
2019-09-24 12:27:15 INFO  yandexTest:59 - Устанавливаем цену
2019-09-24 12:27:17 INFO  yandexTest:63 - Устанавливаем диагональ
2019-09-24 12:27:24 INFO  yandexTest:73 - Находим элементы с пометкой "Выбор покупателя"
2019-09-24 12:27:25 INFO  yandexTest:75 - Добавляем к сравнению
2019-09-24 12:27:32 INFO  yandexTest:118 - Quit
2019-09-24 12:28:03 INFO  yandexTest:31 - Before CHROME
2019-09-24 12:28:10 INFO  yandexTest:52 - Переходим в Маркет
2019-09-24 12:28:14 INFO  yandexTest:55 - Переходим в Электронику
2019-09-24 12:28:16 INFO  yandexTest:57 - Переходим в Телевизоры
2019-09-24 12:28:22 INFO  yandexTest:59 - Устанавливаем цену
2019-09-24 12:28:24 INFO  yandexTest:63 - Устанавливаем диагональ
2019-09-24 12:28:31 INFO  yandexTest:73 - Находим элементы с пометкой "Выбор покупателя"
2019-09-24 12:28:31 INFO  yandexTest:75 - Добавляем к сравнению
2019-09-24 12:28:35 INFO  yandexTest:118 - Quit
2019-09-24 12:29:10 INFO  yandexTest:31 - Before CHROME
2019-09-24 12:29:17 INFO  yandexTest:52 - Переходим в Маркет
2019-09-24 12:29:20 INFO  yandexTest:55 - Переходим в Электронику
2019-09-24 12:29:22 INFO  yandexTest:57 - Переходим в Телевизоры
2019-09-24 12:29:28 INFO  yandexTest:59 - Устанавливаем цену
2019-09-24 12:29:29 INFO  yandexTest:63 - Устанавливаем диагональ
2019-09-24 12:29:37 INFO  yandexTest:73 - Находим элементы с пометкой "Выбор покупателя"
2019-09-24 12:29:37 INFO  yandexTest:75 - Добавляем к сравнению
2019-09-24 12:29:45 INFO  yandexTest:118 - Quit
2019-09-24 12:30:39 INFO  yandexTest:31 - Before CHROME
2019-09-24 12:30:48 INFO  yandexTest:52 - Переходим в Маркет
2019-09-24 12:30:52 INFO  yandexTest:55 - Переходим в Электронику
2019-09-24 12:30:55 INFO  yandexTest:57 - Переходим в Телевизоры
2019-09-24 12:31:02 INFO  yandexTest:59 - Устанавливаем цену
2019-09-24 12:31:04 INFO  yandexTest:63 - Устанавливаем диагональ
2019-09-24 12:31:11 INFO  yandexTest:73 - Находим элементы с пометкой "Выбор покупателя"
2019-09-24 12:31:11 INFO  yandexTest:75 - Добавляем к сравнению
2019-09-24 12:31:19 INFO  yandexTest:102 - Переходим в сравнение
2019-09-24 12:31:19 INFO  yandexTest:118 - Quit
2019-09-24 12:40:08 INFO  yandexTest:31 - Before CHROME
2019-09-24 12:40:14 INFO  yandexTest:52 - Переходим в Маркет
2019-09-24 12:40:18 INFO  yandexTest:55 - Переходим в Электронику
2019-09-24 12:40:20 INFO  yandexTest:57 - Переходим в Телевизоры
2019-09-24 12:40:26 INFO  yandexTest:59 - Устанавливаем цену
2019-09-24 12:40:28 INFO  yandexTest:64 - Устанавливаем диагональ
2019-09-24 12:40:36 INFO  yandexTest:74 - Находим элементы с пометкой "Выбор покупателя"
2019-09-24 12:40:36 INFO  yandexTest:76 - Добавляем к сравнению
2019-09-24 12:40:40 INFO  yandexTest:120 - Quit
2019-09-24 12:43:54 INFO  yandexTest:31 - Before CHROME
2019-09-24 12:44:02 INFO  yandexTest:52 - Переходим в Маркет
2019-09-24 12:44:05 INFO  yandexTest:55 - Переходим в Электронику
2019-09-24 12:44:09 INFO  yandexTest:57 - Переходим в Телевизоры
2019-09-24 12:44:16 INFO  yandexTest:59 - Устанавливаем цену
2019-09-24 12:44:18 INFO  yandexTest:64 - Устанавливаем диагональ
2019-09-24 12:44:25 INFO  yandexTest:74 - Находим элементы с пометкой "Выбор покупателя"
2019-09-24 12:44:25 INFO  yandexTest:76 - Добавляем к сравнению
2019-09-24 12:44:38 INFO  yandexTest:110 - Переходим в сравнение
2019-09-24 12:44:40 INFO  yandexTest:113 - Проверяем количество элементов на странице
2019-09-24 12:44:41 INFO  yandexTest:119 - Элементовна странице: 5
2019-09-24 12:44:41 INFO  yandexTest:126 - Quit
2019-09-24 12:46:25 INFO  yandexTest:31 - Before CHROME
2019-09-24 12:46:33 INFO  yandexTest:52 - Переходим в Маркет
2019-09-24 12:46:38 INFO  yandexTest:55 - Переходим в Электронику
2019-09-24 12:46:40 INFO  yandexTest:57 - Переходим в Телевизоры
2019-09-24 12:46:47 INFO  yandexTest:59 - Устанавливаем цену
2019-09-24 12:46:49 INFO  yandexTest:64 - Устанавливаем диагональ
2019-09-24 12:46:57 INFO  yandexTest:74 - Находим элементы с пометкой "Выбор покупателя"
2019-09-24 12:46:57 INFO  yandexTest:76 - Добавляем к сравнению
2019-09-24 12:46:58 INFO  yandexTest:88 - Товар Телевизор BBK 32LEM-1045/T2C добавлен к сравнению
2019-09-24 12:46:59 INFO  yandexTest:88 - Товар Телевизор Irbis 32S31HD307B добавлен к сравнению
2019-09-24 12:47:00 INFO  yandexTest:122 - Quit
2019-09-24 12:48:17 INFO  yandexTest:31 - Before CHROME
2019-09-24 12:48:24 INFO  yandexTest:52 - Переходим в Маркет
2019-09-24 12:48:27 INFO  yandexTest:55 - Переходим в Электронику
2019-09-24 12:48:29 INFO  yandexTest:57 - Переходим в Телевизоры
2019-09-24 12:48:35 INFO  yandexTest:59 - Устанавливаем цену
2019-09-24 12:48:36 INFO  yandexTest:64 - Устанавливаем диагональ
2019-09-24 12:48:43 INFO  yandexTest:74 - Находим элементы с пометкой "Выбор покупателя"
2019-09-24 12:48:43 INFO  yandexTest:76 - Добавляем к сравнению
2019-09-24 12:48:48 INFO  yandexTest:123 - Quit
2019-09-24 12:49:39 INFO  yandexTest:31 - Before CHROME
2019-09-24 12:49:47 INFO  yandexTest:52 - Переходим в Маркет
2019-09-24 12:49:53 INFO  yandexTest:55 - Переходим в Электронику
2019-09-24 12:49:56 INFO  yandexTest:57 - Переходим в Телевизоры
2019-09-24 12:50:04 INFO  yandexTest:59 - Устанавливаем цену
2019-09-24 12:50:06 INFO  yandexTest:64 - Устанавливаем диагональ
2019-09-24 12:50:15 INFO  yandexTest:74 - Находим элементы с пометкой "Выбор покупателя"
2019-09-24 12:50:15 INFO  yandexTest:76 - Добавляем к сравнению
2019-09-24 12:50:16 INFO  yandexTest:89 - Товар Телевизор BBK 32LEM-1045/T2C добавлен к сравнению
2019-09-24 12:50:17 INFO  yandexTest:89 - Товар Телевизор Irbis 32S31HD307B добавлен к сравнению
2019-09-24 12:50:18 INFO  yandexTest:89 - Товар Телевизор Prestigio 32 Space S добавлен к сравнению
2019-09-24 12:50:19 INFO  yandexTest:123 - Quit
2019-09-24 12:50:47 INFO  yandexTest:31 - Before CHROME
2019-09-24 12:50:55 INFO  yandexTest:52 - Переходим в Маркет
2019-09-24 12:51:01 INFO  yandexTest:55 - Переходим в Электронику
2019-09-24 12:51:03 INFO  yandexTest:57 - Переходим в Телевизоры
2019-09-24 12:51:09 INFO  yandexTest:59 - Устанавливаем цену
2019-09-24 12:51:11 INFO  yandexTest:64 - Устанавливаем диагональ
2019-09-24 12:51:18 INFO  yandexTest:74 - Находим элементы с пометкой "Выбор покупателя"
2019-09-24 12:51:18 INFO  yandexTest:76 - Добавляем к сравнению
2019-09-24 12:51:19 INFO  yandexTest:89 - Товар Телевизор BBK 32LEM-1045/T2C добавлен к сравнению
2019-09-24 12:51:20 INFO  yandexTest:89 - Товар Телевизор BBK 32LEM-1045/T2C добавлен к сравнению
2019-09-24 12:51:21 INFO  yandexTest:89 - Товар Телевизор Prestigio 32 Space S добавлен к сравнению
2019-09-24 12:51:21 INFO  yandexTest:89 - Товар Телевизор Prestigio 32 Space S добавлен к сравнению
2019-09-24 12:51:23 INFO  yandexTest:123 - Quit
2019-09-24 12:52:25 INFO  yandexTest:31 - Before CHROME
2019-09-24 12:52:35 INFO  yandexTest:52 - Переходим в Маркет
2019-09-24 12:52:39 INFO  yandexTest:55 - Переходим в Электронику
2019-09-24 12:52:42 INFO  yandexTest:57 - Переходим в Телевизоры
2019-09-24 12:52:51 INFO  yandexTest:59 - Устанавливаем цену
2019-09-24 12:52:52 INFO  yandexTest:64 - Устанавливаем диагональ
2019-09-24 12:53:00 INFO  yandexTest:74 - Находим элементы с пометкой "Выбор покупателя"
2019-09-24 12:53:00 INFO  yandexTest:76 - Добавляем к сравнению
2019-09-24 12:53:01 INFO  yandexTest:90 - Товар Телевизор BBK 32LEM-1045/T2C добавлен к сравнению
2019-09-24 12:53:01 INFO  yandexTest:90 - Товар Телевизор BBK 32LEM-1045/T2C добавлен к сравнению
2019-09-24 12:53:02 INFO  yandexTest:90 - Товар Телевизор Prestigio 32 Space S добавлен к сравнению
2019-09-24 12:53:03 INFO  yandexTest:90 - Товар Телевизор Prestigio 32 Space S добавлен к сравнению
2019-09-24 12:53:04 INFO  yandexTest:124 - Quit
2019-09-24 12:54:53 INFO  yandexTest:31 - Before CHROME
2019-09-24 12:54:59 INFO  yandexTest:52 - Переходим в Маркет
2019-09-24 12:55:04 INFO  yandexTest:55 - Переходим в Электронику
2019-09-24 12:55:06 INFO  yandexTest:57 - Переходим в Телевизоры
2019-09-24 12:55:13 INFO  yandexTest:59 - Устанавливаем цену
2019-09-24 12:55:15 INFO  yandexTest:64 - Устанавливаем диагональ
2019-09-24 12:55:22 INFO  yandexTest:74 - Находим элементы с пометкой "Выбор покупателя"
2019-09-24 12:55:22 INFO  yandexTest:76 - Добавляем к сравнению
2019-09-24 12:55:30 INFO  yandexTest:124 - Quit
2019-09-24 12:57:32 INFO  yandexTest:31 - Before CHROME
2019-09-24 12:57:39 INFO  yandexTest:52 - Переходим в Маркет
2019-09-24 12:57:43 INFO  yandexTest:55 - Переходим в Электронику
2019-09-24 12:57:45 INFO  yandexTest:57 - Переходим в Телевизоры
2019-09-24 12:57:51 INFO  yandexTest:59 - Устанавливаем цену
2019-09-24 12:57:53 INFO  yandexTest:64 - Устанавливаем диагональ
2019-09-24 12:58:01 INFO  yandexTest:74 - Находим элементы с пометкой "Выбор покупателя"
2019-09-24 12:58:01 INFO  yandexTest:76 - Добавляем к сравнению
2019-09-24 12:58:09 INFO  yandexTest:124 - Quit
2019-09-24 12:58:36 INFO  yandexTest:31 - Before CHROME
2019-09-24 12:58:45 INFO  yandexTest:52 - Переходим в Маркет
2019-09-24 12:58:50 INFO  yandexTest:55 - Переходим в Электронику
2019-09-24 12:58:53 INFO  yandexTest:57 - Переходим в Телевизоры
2019-09-24 12:59:01 INFO  yandexTest:59 - Устанавливаем цену
2019-09-24 12:59:03 INFO  yandexTest:64 - Устанавливаем диагональ
2019-09-24 12:59:12 INFO  yandexTest:74 - Находим элементы с пометкой "Выбор покупателя"
2019-09-24 12:59:12 INFO  yandexTest:76 - Добавляем к сравнению
2019-09-24 12:59:22 INFO  yandexTest:108 - Переходим в сравнение
2019-09-24 12:59:22 INFO  yandexTest:124 - Quit
2019-09-24 13:00:09 INFO  yandexTest:31 - Before CHROME
2019-09-24 13:00:24 INFO  yandexTest:52 - Переходим в Маркет
2019-09-24 13:00:30 INFO  yandexTest:55 - Переходим в Электронику
2019-09-24 13:00:34 INFO  yandexTest:57 - Переходим в Телевизоры
2019-09-24 13:00:46 INFO  yandexTest:59 - Устанавливаем цену
2019-09-24 13:00:48 INFO  yandexTest:64 - Устанавливаем диагональ
2019-09-24 13:00:57 INFO  yandexTest:74 - Находим элементы с пометкой "Выбор покупателя"
2019-09-24 13:00:57 INFO  yandexTest:76 - Добавляем к сравнению
2019-09-24 13:01:10 INFO  yandexTest:108 - Переходим в сравнение
2019-09-24 13:01:14 INFO  yandexTest:124 - Quit
2019-09-24 13:02:13 INFO  yandexTest:31 - Before CHROME
2019-09-24 13:02:27 INFO  yandexTest:52 - Переходим в Маркет
2019-09-24 13:02:33 INFO  yandexTest:55 - Переходим в Электронику
2019-09-24 13:02:35 INFO  yandexTest:57 - Переходим в Телевизоры
2019-09-24 13:02:41 INFO  yandexTest:59 - Устанавливаем цену
2019-09-24 13:02:43 INFO  yandexTest:64 - Устанавливаем диагональ
2019-09-24 13:02:50 INFO  yandexTest:74 - Находим элементы с пометкой "Выбор покупателя"
2019-09-24 13:02:50 INFO  yandexTest:76 - Добавляем к сравнению
2019-09-24 13:03:02 INFO  yandexTest:110 - Переходим в сравнение
2019-09-24 13:03:04 INFO  yandexTest:113 - Проверяем количество элементов на странице
2019-09-24 13:03:04 INFO  yandexTest:119 - Элементовна странице: 5
2019-09-24 13:03:04 INFO  yandexTest:126 - Quit
2019-09-24 13:26:35 INFO  yandexTest:31 - Before CHROME
2019-09-24 13:26:44 INFO  yandexTest:52 - Переходим в Маркет
2019-09-24 13:26:50 INFO  yandexTest:55 - Переходим в Электронику
2019-09-24 13:26:53 INFO  yandexTest:57 - Переходим в Телевизоры
2019-09-24 13:26:59 INFO  yandexTest:59 - Устанавливаем цену
2019-09-24 13:27:01 INFO  yandexTest:64 - Устанавливаем диагональ
2019-09-24 13:27:09 INFO  yandexTest:74 - Находим элементы с пометкой "Выбор покупателя"
2019-09-24 13:27:09 INFO  yandexTest:76 - Добавляем к сравнению
2019-09-24 13:27:10 INFO  yandexTest:90 - Товар Телевизор BBK 32LEM-1045/T2C добавлен к сравнению
2019-09-24 13:27:10 INFO  yandexTest:90 - Товар Телевизор BBK 32LEM-1045/T2C добавлен к сравнению
2019-09-24 13:27:11 INFO  yandexTest:90 - Товар Телевизор Irbis 32S31HD307B добавлен к сравнению
2019-09-24 13:27:12 INFO  yandexTest:90 - Товар Телевизор Thomson T32RTE1220 добавлен к сравнению
2019-09-24 13:27:13 INFO  yandexTest:90 - Товар Телевизор Thomson T32RTE1250 добавлен к сравнению
2019-09-24 13:27:22 INFO  yandexTest:110 - Переходим в сравнение
2019-09-24 13:27:24 INFO  yandexTest:113 - Проверяем количество элементов на странице
2019-09-24 13:27:25 INFO  yandexTest:119 - Элементовна странице: 5
2019-09-24 13:27:25 INFO  yandexTest:126 - Quit
2019-09-24 13:28:27 INFO  yandexTest:31 - Before CHROME
2019-09-24 13:28:37 INFO  yandexTest:52 - Переходим в Маркет
2019-09-24 13:28:44 INFO  yandexTest:55 - Переходим в Электронику
2019-09-24 13:28:47 INFO  yandexTest:57 - Переходим в Телевизоры
2019-09-24 13:28:57 INFO  yandexTest:59 - Устанавливаем цену
2019-09-24 13:29:00 INFO  yandexTest:64 - Устанавливаем диагональ
2019-09-24 13:29:08 INFO  yandexTest:74 - Находим элементы с пометкой "Выбор покупателя"
2019-09-24 13:29:09 INFO  yandexTest:76 - Добавляем к сравнению
2019-09-24 13:29:10 INFO  yandexTest:92 - Товар Телевизор BBK 32LEM-1045/T2C добавлен к сравнению
2019-09-24 13:29:11 INFO  yandexTest:92 - Товар Телевизор Irbis 32S31HD307B добавлен к сравнению
2019-09-24 13:29:13 INFO  yandexTest:92 - Товар Телевизор Prestigio 32 Space S добавлен к сравнению
2019-09-24 13:29:14 INFO  yandexTest:92 - Товар Телевизор Prestigio 32 Space S добавлен к сравнению
2019-09-24 13:29:16 INFO  yandexTest:92 - Товар Телевизор Thomson T32RTE1250 добавлен к сравнению
2019-09-24 13:29:25 INFO  yandexTest:112 - Переходим в сравнение
2019-09-24 13:29:29 INFO  yandexTest:115 - Проверяем количество элементов на странице
2019-09-24 13:29:29 INFO  yandexTest:121 - Элементовна странице: 5
2019-09-24 13:29:29 INFO  yandexTest:128 - Quit
2019-09-24 13:31:42 INFO  yandexTest:31 - Before CHROME
2019-09-24 13:31:49 INFO  yandexTest:52 - Переходим в Маркет
2019-09-24 13:31:54 INFO  yandexTest:55 - Переходим в Электронику
2019-09-24 13:31:56 INFO  yandexTest:57 - Переходим в Телевизоры
2019-09-24 13:32:02 INFO  yandexTest:59 - Устанавливаем цену
2019-09-24 13:32:04 INFO  yandexTest:64 - Устанавливаем диагональ
2019-09-24 13:32:11 INFO  yandexTest:74 - Находим элементы с пометкой "Выбор покупателя"
2019-09-24 13:32:11 INFO  yandexTest:76 - Добавляем к сравнению
2019-09-24 13:32:12 INFO  yandexTest:92 - Товар Телевизор BBK 32LEM-1045/T2C добавлен к сравнению
2019-09-24 13:32:14 INFO  yandexTest:92 - Товар Телевизор Irbis 32S31HD307B добавлен к сравнению
2019-09-24 13:32:15 INFO  yandexTest:92 - Товар Телевизор Prestigio 32 Space S добавлен к сравнению
2019-09-24 13:32:15 INFO  yandexTest:92 - Товар Телевизор Thomson T32RTE1220 добавлен к сравнению
2019-09-24 13:32:16 INFO  yandexTest:92 - Товар Телевизор Thomson T32RTE1220 добавлен к сравнению
2019-09-24 13:32:25 INFO  yandexTest:112 - Переходим в сравнение
2019-09-24 13:32:28 INFO  yandexTest:115 - Проверяем количество элементов на странице
2019-09-24 13:32:28 INFO  yandexTest:121 - Элементовна странице: 5
2019-09-24 13:32:28 INFO  yandexTest:128 - Quit
2019-09-24 13:33:19 INFO  yandexTest:31 - Before CHROME
2019-09-24 13:33:25 INFO  yandexTest:52 - Переходим в Маркет
2019-09-24 13:33:28 INFO  yandexTest:55 - Переходим в Электронику
2019-09-24 13:33:30 INFO  yandexTest:57 - Переходим в Телевизоры
2019-09-24 13:33:36 INFO  yandexTest:59 - Устанавливаем цену
2019-09-24 13:33:38 INFO  yandexTest:64 - Устанавливаем диагональ
2019-09-24 13:33:46 INFO  yandexTest:74 - Находим элементы с пометкой "Выбор покупателя"
2019-09-24 13:33:46 INFO  yandexTest:76 - Добавляем к сравнению
2019-09-24 13:33:46 INFO  yandexTest:92 - Товар Телевизор BBK 32LEM-1045/T2C добавлен к сравнению
2019-09-24 13:33:47 INFO  yandexTest:92 - Товар Телевизор BBK 32LEM-1045/T2C добавлен к сравнению
2019-09-24 13:33:48 INFO  yandexTest:92 - Товар Телевизор Irbis 32S31HD307B добавлен к сравнению
2019-09-24 13:33:49 INFO  yandexTest:92 - Товар Телевизор Thomson T32RTE1220 добавлен к сравнению
2019-09-24 13:33:50 INFO  yandexTest:128 - Quit
2019-09-24 13:35:05 INFO  yandexTest:31 - Before CHROME
2019-09-24 13:35:12 INFO  yandexTest:52 - Переходим в Маркет
2019-09-24 13:35:18 INFO  yandexTest:55 - Переходим в Электронику
2019-09-24 13:35:20 INFO  yandexTest:57 - Переходим в Телевизоры
2019-09-24 13:35:26 INFO  yandexTest:59 - Устанавливаем цену
2019-09-24 13:35:28 INFO  yandexTest:64 - Устанавливаем диагональ
2019-09-24 13:35:35 INFO  yandexTest:74 - Находим элементы с пометкой "Выбор покупателя"
2019-09-24 13:35:35 INFO  yandexTest:76 - Добавляем к сравнению
2019-09-24 13:35:40 INFO  yandexTest:96 - Товар Телевизор BBK 32LEM-1045/T2C добавлен к сравнению
2019-09-24 13:35:44 INFO  yandexTest:96 - Товар Телевизор Irbis 32S31HD307B добавлен к сравнению
2019-09-24 13:35:49 INFO  yandexTest:96 - Товар Телевизор Prestigio 32 Space S добавлен к сравнению
2019-09-24 13:35:54 INFO  yandexTest:96 - Товар Телевизор Thomson T32RTE1220 добавлен к сравнению
2019-09-24 13:35:58 INFO  yandexTest:96 - Товар Телевизор Thomson T32RTE1250 добавлен к сравнению
2019-09-24 13:36:07 INFO  yandexTest:116 - Переходим в сравнение
2019-09-24 13:36:09 INFO  yandexTest:119 - Проверяем количество элементов на странице
2019-09-24 13:36:09 INFO  yandexTest:125 - Элементовна странице: 5
2019-09-24 13:36:09 INFO  yandexTest:132 - Quit
2019-09-24 13:37:21 INFO  yandexTest:31 - Before CHROME
2019-09-24 13:37:28 INFO  yandexTest:52 - Переходим в Маркет
2019-09-24 13:37:33 INFO  yandexTest:55 - Переходим в Электронику
2019-09-24 13:37:35 INFO  yandexTest:57 - Переходим в Телевизоры
2019-09-24 13:37:43 INFO  yandexTest:59 - Устанавливаем цену
2019-09-24 13:37:44 INFO  yandexTest:64 - Устанавливаем диагональ
2019-09-24 13:37:51 INFO  yandexTest:74 - Находим элементы с пометкой "Выбор покупателя"
2019-09-24 13:37:51 INFO  yandexTest:76 - Добавляем к сравнению
2019-09-24 13:37:52 INFO  yandexTest:92 - Товар Телевизор BBK 32LEM-1045/T2C добавлен к сравнению
2019-09-24 13:37:53 INFO  yandexTest:128 - Quit
2019-09-24 13:38:36 INFO  yandexTest:31 - Before CHROME
2019-09-24 13:38:43 INFO  yandexTest:52 - Переходим в Маркет
2019-09-24 13:38:47 INFO  yandexTest:55 - Переходим в Электронику
2019-09-24 13:38:50 INFO  yandexTest:57 - Переходим в Телевизоры
2019-09-24 13:38:55 INFO  yandexTest:59 - Устанавливаем цену
2019-09-24 13:38:57 INFO  yandexTest:64 - Устанавливаем диагональ
2019-09-24 13:39:05 INFO  yandexTest:74 - Находим элементы с пометкой "Выбор покупателя"
2019-09-24 13:39:05 INFO  yandexTest:76 - Добавляем к сравнению
2019-09-24 13:39:10 INFO  yandexTest:128 - Quit
2019-09-24 13:39:54 INFO  yandexTest:31 - Before CHROME
2019-09-24 13:40:03 INFO  yandexTest:52 - Переходим в Маркет
2019-09-24 13:40:09 INFO  yandexTest:55 - Переходим в Электронику
2019-09-24 13:40:12 INFO  yandexTest:57 - Переходим в Телевизоры
2019-09-24 13:40:20 INFO  yandexTest:59 - Устанавливаем цену
2019-09-24 13:40:22 INFO  yandexTest:64 - Устанавливаем диагональ
2019-09-24 13:40:31 INFO  yandexTest:74 - Находим элементы с пометкой "Выбор покупателя"
2019-09-24 13:40:31 INFO  yandexTest:76 - Добавляем к сравнению
2019-09-24 13:40:33 INFO  yandexTest:92 - Товар Телевизор BBK 32LEM-1045/T2C добавлен к сравнению
2019-09-24 13:40:34 INFO  yandexTest:128 - Quit
2019-09-24 13:41:08 INFO  yandexTest:31 - Before CHROME
2019-09-24 13:41:26 INFO  yandexTest:52 - Переходим в Маркет
2019-09-24 13:41:36 INFO  yandexTest:55 - Переходим в Электронику
2019-09-24 13:41:42 INFO  yandexTest:57 - Переходим в Телевизоры
2019-09-24 13:41:57 INFO  yandexTest:59 - Устанавливаем цену
2019-09-24 13:42:00 INFO  yandexTest:64 - Устанавливаем диагональ
2019-09-24 13:42:09 INFO  yandexTest:74 - Находим элементы с пометкой "Выбор покупателя"
2019-09-24 13:42:09 INFO  yandexTest:76 - Добавляем к сравнению
2019-09-24 13:42:12 INFO  yandexTest:92 - Товар Телевизор BBK 32LEM-1045/T2C добавлен к сравнению
2019-09-24 13:42:15 INFO  yandexTest:92 - Товар Телевизор Irbis 32S31HD307B добавлен к сравнению
2019-09-24 13:42:18 INFO  yandexTest:92 - Товар Телевизор Prestigio 32 Space S добавлен к сравнению
2019-09-24 13:42:22 INFO  yandexTest:92 - Товар Телевизор Thomson T32RTE1220 добавлен к сравнению
2019-09-24 13:42:25 INFO  yandexTest:92 - Товар Телевизор Thomson T32RTE1250 добавлен к сравнению
2019-09-24 13:42:34 INFO  yandexTest:112 - Переходим в сравнение
2019-09-24 13:42:39 INFO  yandexTest:115 - Проверяем количество элементов на странице
2019-09-24 13:42:40 INFO  yandexTest:121 - Элементовна странице: 5
2019-09-24 13:42:40 INFO  yandexTest:128 - Quit
2019-09-24 13:49:54 INFO  yandexTest:31 - Before CHROME
2019-09-24 13:50:02 INFO  yandexTest:52 - Переходим в Маркет
2019-09-24 13:50:06 INFO  yandexTest:55 - Переходим в Электронику
2019-09-24 13:50:08 INFO  yandexTest:57 - Переходим в Телевизоры
2019-09-24 13:50:14 INFO  yandexTest:59 - Устанавливаем цену
2019-09-24 13:50:16 INFO  yandexTest:64 - Устанавливаем диагональ
2019-09-24 13:50:23 INFO  yandexTest:74 - Находим элементы с пометкой "Выбор покупателя"
2019-09-24 13:50:23 INFO  yandexTest:76 - Добавляем к сравнению
2019-09-24 13:50:24 INFO  yandexTest:92 - Товар Телевизор BBK 32LEM-1045/T2C добавлен к сравнению
2019-09-24 13:50:25 INFO  yandexTest:92 - Товар Телевизор Irbis 32S31HD307B добавлен к сравнению
2019-09-24 13:50:26 INFO  yandexTest:92 - Товар Телевизор Thomson T32RTE1220 добавлен к сравнению
2019-09-24 13:50:27 INFO  yandexTest:92 - Товар Телевизор Prestigio 32 Space S добавлен к сравнению
2019-09-24 13:50:28 INFO  yandexTest:92 - Товар Телевизор Thomson T32RTE1250 добавлен к сравнению
2019-09-24 13:50:36 INFO  yandexTest:112 - Переходим в сравнение
2019-09-24 13:50:38 INFO  yandexTest:115 - Проверяем количество элементов на странице
2019-09-24 13:50:38 INFO  yandexTest:121 - Элементовна странице: 5
2019-09-24 13:50:38 INFO  yandexTest:128 - Quit
2019-09-24 13:51:48 INFO  yandexTest:31 - Before CHROME
2019-09-24 13:51:57 INFO  yandexTest:52 - Переходим в Маркет
2019-09-24 13:52:03 INFO  yandexTest:55 - Переходим в Электронику
2019-09-24 13:52:06 INFO  yandexTest:57 - Переходим в Телевизоры
2019-09-24 13:52:13 INFO  yandexTest:59 - Устанавливаем цену
2019-09-24 13:52:15 INFO  yandexTest:64 - Устанавливаем диагональ
2019-09-24 13:52:24 INFO  yandexTest:74 - Находим элементы с пометкой "Выбор покупателя"
2019-09-24 13:52:24 INFO  yandexTest:76 - Добавляем к сравнению
2019-09-24 13:52:24 INFO  yandexTest:86 - Товар Телевизор BBK 32LEM-1045/T2C добавлен к сравнению
2019-09-24 13:52:26 INFO  yandexTest:86 - Товар Телевизор Irbis 32S31HD307B добавлен к сравнению
2019-09-24 13:52:27 INFO  yandexTest:86 - Товар Телевизор Thomson T32RTE1220 добавлен к сравнению
2019-09-24 13:52:28 INFO  yandexTest:114 - Quit
2019-09-24 13:53:20 INFO  yandexTest:31 - Before CHROME
2019-09-24 13:53:28 INFO  yandexTest:52 - Переходим в Маркет
2019-09-24 13:53:31 INFO  yandexTest:55 - Переходим в Электронику
2019-09-24 13:53:34 INFO  yandexTest:57 - Переходим в Телевизоры
2019-09-24 13:53:41 INFO  yandexTest:59 - Устанавливаем цену
2019-09-24 13:53:44 INFO  yandexTest:64 - Устанавливаем диагональ
2019-09-24 13:53:52 INFO  yandexTest:74 - Находим элементы с пометкой "Выбор покупателя"
2019-09-24 13:53:52 INFO  yandexTest:76 - Добавляем к сравнению
2019-09-24 13:53:53 INFO  yandexTest:92 - Товар Телевизор BBK 32LEM-1045/T2C добавлен к сравнению
2019-09-24 13:53:54 INFO  yandexTest:92 - Товар Телевизор BBK 32LEM-1045/T2C добавлен к сравнению
2019-09-24 13:53:55 INFO  yandexTest:92 - Товар Телевизор Prestigio 32 Space S добавлен к сравнению
2019-09-24 13:53:55 INFO  yandexTest:120 - Quit
2019-09-24 13:54:27 INFO  yandexTest:31 - Before CHROME
2019-09-24 13:54:33 INFO  yandexTest:52 - Переходим в Маркет
2019-09-24 13:54:38 INFO  yandexTest:55 - Переходим в Электронику
2019-09-24 13:54:40 INFO  yandexTest:57 - Переходим в Телевизоры
2019-09-24 13:54:46 INFO  yandexTest:59 - Устанавливаем цену
2019-09-24 13:54:47 INFO  yandexTest:64 - Устанавливаем диагональ
2019-09-24 13:54:55 INFO  yandexTest:74 - Находим элементы с пометкой "Выбор покупателя"
2019-09-24 13:54:55 INFO  yandexTest:76 - Добавляем к сравнению
2019-09-24 13:54:55 INFO  yandexTest:92 - Товар Телевизор BBK 32LEM-1045/T2C добавлен к сравнению
2019-09-24 13:54:56 INFO  yandexTest:92 - Товар Телевизор Irbis 32S31HD307B добавлен к сравнению
2019-09-24 13:54:57 INFO  yandexTest:92 - Товар Телевизор Thomson T32RTE1220 добавлен к сравнению
2019-09-24 13:54:58 INFO  yandexTest:92 - Товар Телевизор Thomson T32RTE1220 добавлен к сравнению
2019-09-24 13:54:59 INFO  yandexTest:92 - Товар Телевизор Thomson T32RTE1250 добавлен к сравнению
2019-09-24 13:55:07 INFO  yandexTest:112 - Переходим в сравнение
2019-09-24 13:55:10 INFO  yandexTest:115 - Проверяем количество элементов на странице
2019-09-24 13:55:10 INFO  yandexTest:121 - Элементовна странице: 5
2019-09-24 13:55:10 INFO  yandexTest:128 - Quit
2019-09-24 13:56:29 INFO  yandexTest:31 - Before CHROME
2019-09-24 13:56:36 INFO  yandexTest:52 - Переходим в Маркет
2019-09-24 13:56:40 INFO  yandexTest:55 - Переходим в Электронику
2019-09-24 13:56:42 INFO  yandexTest:57 - Переходим в Телевизоры
2019-09-24 13:56:49 INFO  yandexTest:59 - Устанавливаем цену
2019-09-24 13:56:50 INFO  yandexTest:64 - Устанавливаем диагональ
2019-09-24 13:56:58 INFO  yandexTest:74 - Находим элементы с пометкой "Выбор покупателя"
2019-09-24 13:56:58 INFO  yandexTest:76 - Добавляем к сравнению
2019-09-24 13:56:59 INFO  yandexTest:92 - Товар Телевизор BBK 32LEM-1045/T2C добавлен к сравнению
2019-09-24 13:57:00 INFO  yandexTest:92 - Товар Телевизор Irbis 32S31HD307B добавлен к сравнению
2019-09-24 13:57:02 INFO  yandexTest:121 - Quit
2019-09-24 13:58:15 INFO  yandexTest:31 - Before CHROME
2019-09-24 13:58:23 INFO  yandexTest:52 - Переходим в Маркет
2019-09-24 13:58:28 INFO  yandexTest:55 - Переходим в Электронику
2019-09-24 13:58:30 INFO  yandexTest:57 - Переходим в Телевизоры
2019-09-24 13:58:36 INFO  yandexTest:59 - Устанавливаем цену
2019-09-24 13:58:38 INFO  yandexTest:64 - Устанавливаем диагональ
2019-09-24 13:58:45 INFO  yandexTest:74 - Находим элементы с пометкой "Выбор покупателя"
2019-09-24 13:58:45 INFO  yandexTest:76 - Добавляем к сравнению
2019-09-24 13:58:50 INFO  yandexTest:122 - Quit
2019-09-24 14:00:15 INFO  yandexTest:31 - Before CHROME
2019-09-24 14:00:23 INFO  yandexTest:52 - Переходим в Маркет
2019-09-24 14:00:28 INFO  yandexTest:55 - Переходим в Электронику
2019-09-24 14:00:31 INFO  yandexTest:57 - Переходим в Телевизоры
2019-09-24 14:00:38 INFO  yandexTest:59 - Устанавливаем цену
2019-09-24 14:00:40 INFO  yandexTest:64 - Устанавливаем диагональ
2019-09-24 14:00:48 INFO  yandexTest:74 - Находим элементы с пометкой "Выбор покупателя"
2019-09-24 14:00:48 INFO  yandexTest:76 - Добавляем к сравнению
2019-09-24 14:00:49 INFO  yandexTest:93 - Товар Телевизор BBK 32LEM-1045/T2C добавлен к сравнению
2019-09-24 14:00:50 INFO  yandexTest:93 - Товар Телевизор Irbis 32S31HD307B добавлен к сравнению
2019-09-24 14:00:51 INFO  yandexTest:93 - Товар Телевизор Irbis 32S31HD307B добавлен к сравнению
2019-09-24 14:00:52 INFO  yandexTest:93 - Товар Телевизор Thomson T32RTE1220 добавлен к сравнению
2019-09-24 14:00:53 INFO  yandexTest:93 - Товар Телевизор Thomson T32RTE1250 добавлен к сравнению
2019-09-24 14:01:02 INFO  yandexTest:109 - Переходим в сравнение
2019-09-24 14:01:04 INFO  yandexTest:112 - Проверяем количество элементов на странице
2019-09-24 14:01:05 INFO  yandexTest:115 - Элементовна странице: 5
2019-09-24 14:01:05 INFO  yandexTest:122 - Quit
2019-09-24 14:01:54 INFO  yandexTest:31 - Before CHROME
2019-09-24 14:02:02 INFO  yandexTest:52 - Переходим в Маркет
2019-09-24 14:02:03 INFO  yandexTest:123 - Quit
2019-09-24 14:02:22 INFO  yandexTest:31 - Before CHROME
2019-09-24 14:02:33 INFO  yandexTest:52 - Переходим в Маркет
2019-09-24 14:02:40 INFO  yandexTest:31 - Before CHROME
2019-09-24 14:02:49 INFO  yandexTest:52 - Переходим в Маркет
2019-09-24 14:02:54 INFO  yandexTest:55 - Переходим в Электронику
2019-09-24 14:02:56 INFO  yandexTest:57 - Переходим в Телевизоры
2019-09-24 14:03:03 INFO  yandexTest:59 - Устанавливаем цену
2019-09-24 14:03:05 INFO  yandexTest:64 - Устанавливаем диагональ
2019-09-24 14:03:13 INFO  yandexTest:74 - Находим элементы с пометкой "Выбор покупателя"
2019-09-24 14:03:14 INFO  yandexTest:76 - Добавляем к сравнению
2019-09-24 14:03:14 INFO  yandexTest:94 - Товар Телевизор BBK 32LEM-1045/T2C добавлен к сравнению
2019-09-24 14:03:15 INFO  yandexTest:94 - Товар Телевизор Irbis 32S31HD307B добавлен к сравнению
2019-09-24 14:03:16 INFO  yandexTest:94 - Товар Телевизор Prestigio 32 Space S добавлен к сравнению
2019-09-24 14:03:17 INFO  yandexTest:94 - Товар Телевизор Thomson T32RTE1220 добавлен к сравнению
2019-09-24 14:03:18 INFO  yandexTest:94 - Товар Телевизор Thomson T32RTE1220 добавлен к сравнению
2019-09-24 14:03:22 INFO  yandexTest:123 - Quit
2019-09-24 14:04:31 INFO  yandexTest:31 - Before CHROME
2019-09-24 14:04:42 INFO  yandexTest:52 - Переходим в Маркет
2019-09-24 14:04:46 INFO  yandexTest:55 - Переходим в Электронику
2019-09-24 14:04:49 INFO  yandexTest:57 - Переходим в Телевизоры
2019-09-24 14:04:58 INFO  yandexTest:59 - Устанавливаем цену
2019-09-24 14:05:00 INFO  yandexTest:64 - Устанавливаем диагональ
2019-09-24 14:05:09 INFO  yandexTest:74 - Находим элементы с пометкой "Выбор покупателя"
2019-09-24 14:05:09 INFO  yandexTest:76 - Добавляем к сравнению
2019-09-24 14:05:10 INFO  yandexTest:94 - Товар Телевизор BBK 32LEM-1045/T2C добавлен к сравнению
2019-09-24 14:05:11 INFO  yandexTest:94 - Товар Телевизор Irbis 32S31HD307B добавлен к сравнению
2019-09-24 14:05:12 INFO  yandexTest:94 - Товар Телевизор Irbis 32S31HD307B добавлен к сравнению
2019-09-24 14:05:13 INFO  yandexTest:94 - Товар Телевизор Thomson T32RTE1220 добавлен к сравнению
2019-09-24 14:05:14 INFO  yandexTest:94 - Товар Телевизор Thomson T32RTE1250 добавлен к сравнению
2019-09-24 14:05:22 INFO  yandexTest:110 - Переходим в сравнение
2019-09-24 14:05:25 INFO  yandexTest:113 - Проверяем количество элементов на странице
2019-09-24 14:05:26 INFO  yandexTest:116 - Элементовна странице: 5
2019-09-24 14:05:26 INFO  yandexTest:123 - Quit
2019-09-24 14:06:30 INFO  yandexTest:31 - Before CHROME
2019-09-24 14:06:38 INFO  yandexTest:52 - Переходим в Маркет
2019-09-24 14:06:41 INFO  yandexTest:55 - Переходим в Электронику
2019-09-24 14:06:44 INFO  yandexTest:57 - Переходим в Телевизоры
2019-09-24 14:06:51 INFO  yandexTest:59 - Устанавливаем цену
2019-09-24 14:06:53 INFO  yandexTest:64 - Устанавливаем диагональ
2019-09-24 14:07:01 INFO  yandexTest:74 - Находим элементы с пометкой "Выбор покупателя"
2019-09-24 14:07:01 INFO  yandexTest:76 - Добавляем к сравнению
2019-09-24 14:07:02 INFO  yandexTest:94 - Товар Телевизор BBK 32LEM-1045/T2C добавлен к сравнению
2019-09-24 14:07:03 INFO  yandexTest:94 - Товар Телевизор BBK 32LEM-1045/T2C добавлен к сравнению
2019-09-24 14:07:04 INFO  yandexTest:123 - Quit
2019-09-24 14:08:22 INFO  yandexTest:31 - Before CHROME
2019-09-24 14:08:31 INFO  yandexTest:52 - Переходим в Маркет
2019-09-24 14:08:37 INFO  yandexTest:55 - Переходим в Электронику
2019-09-24 14:08:41 INFO  yandexTest:57 - Переходим в Телевизоры
2019-09-24 14:08:49 INFO  yandexTest:59 - Устанавливаем цену
2019-09-24 14:08:51 INFO  yandexTest:64 - Устанавливаем диагональ
2019-09-24 14:09:00 INFO  yandexTest:74 - Находим элементы с пометкой "Выбор покупателя"
2019-09-24 14:09:00 INFO  yandexTest:76 - Добавляем к сравнению
2019-09-24 14:09:04 INFO  yandexTest:123 - Quit
2019-09-24 14:09:35 INFO  yandexTest:31 - Before CHROME
2019-09-24 14:09:43 INFO  yandexTest:52 - Переходим в Маркет
2019-09-24 14:09:49 INFO  yandexTest:55 - Переходим в Электронику
2019-09-24 14:09:52 INFO  yandexTest:57 - Переходим в Телевизоры
2019-09-24 14:10:00 INFO  yandexTest:59 - Устанавливаем цену
2019-09-24 14:10:02 INFO  yandexTest:64 - Устанавливаем диагональ
2019-09-24 14:10:09 INFO  yandexTest:74 - Находим элементы с пометкой "Выбор покупателя"
2019-09-24 14:10:09 INFO  yandexTest:76 - Добавляем к сравнению
2019-09-24 14:10:10 INFO  yandexTest:94 - Товар Телевизор BBK 32LEM-1045/T2C добавлен к сравнению
2019-09-24 14:10:11 INFO  yandexTest:94 - Товар Телевизор BBK 32LEM-1045/T2C добавлен к сравнению
2019-09-24 14:10:12 INFO  yandexTest:94 - Товар Телевизор Irbis 32S31HD307B добавлен к сравнению
2019-09-24 14:10:13 INFO  yandexTest:94 - Товар Телевизор Thomson T32RTE1220 добавлен к сравнению
2019-09-24 14:10:14 INFO  yandexTest:94 - Товар Телевизор Thomson T32RTE1220 добавлен к сравнению
2019-09-24 14:10:18 INFO  yandexTest:123 - Quit
2019-09-24 14:11:02 INFO  yandexTest:31 - Before CHROME
2019-09-24 14:11:09 INFO  yandexTest:52 - Переходим в Маркет
2019-09-24 14:11:14 INFO  yandexTest:55 - Переходим в Электронику
2019-09-24 14:11:17 INFO  yandexTest:57 - Переходим в Телевизоры
2019-09-24 14:11:24 INFO  yandexTest:59 - Устанавливаем цену
2019-09-24 14:11:26 INFO  yandexTest:64 - Устанавливаем диагональ
2019-09-24 14:11:34 INFO  yandexTest:74 - Находим элементы с пометкой "Выбор покупателя"
2019-09-24 14:11:34 INFO  yandexTest:76 - Добавляем к сравнению
2019-09-24 14:11:35 INFO  yandexTest:92 - Товар Телевизор BBK 32LEM-1045/T2C добавлен к сравнению
2019-09-24 14:11:35 INFO  yandexTest:92 - Товар Телевизор BBK 32LEM-1045/T2C добавлен к сравнению
2019-09-24 14:11:36 INFO  yandexTest:92 - Товар Телевизор Prestigio 32 Space S добавлен к сравнению
2019-09-24 14:11:37 INFO  yandexTest:92 - Товар Телевизор Thomson T32RTE1220 добавлен к сравнению
2019-09-24 14:11:38 INFO  yandexTest:92 - Товар Телевизор Thomson T32RTE1250 добавлен к сравнению
2019-09-24 14:11:47 INFO  yandexTest:112 - Переходим в сравнение
2019-09-24 14:11:50 INFO  yandexTest:115 - Проверяем количество элементов на странице
2019-09-24 14:11:50 INFO  yandexTest:121 - Элементовна странице: 5
2019-09-24 14:11:50 INFO  yandexTest:128 - Quit
2019-09-24 14:12:47 INFO  yandexTest:31 - Before CHROME
2019-09-24 14:12:57 INFO  yandexTest:52 - Переходим в Маркет
2019-09-24 14:13:05 INFO  yandexTest:55 - Переходим в Электронику
2019-09-24 14:13:08 INFO  yandexTest:57 - Переходим в Телевизоры
2019-09-24 14:13:17 INFO  yandexTest:59 - Устанавливаем цену
2019-09-24 14:13:19 INFO  yandexTest:64 - Устанавливаем диагональ
2019-09-24 14:13:28 INFO  yandexTest:74 - Находим элементы с пометкой "Выбор покупателя"
2019-09-24 14:13:28 INFO  yandexTest:76 - Добавляем к сравнению
2019-09-24 14:13:41 INFO  yandexTest:106 - Переходим в сравнение
2019-09-24 14:13:46 INFO  yandexTest:109 - Проверяем количество элементов на странице
2019-09-24 14:13:46 INFO  yandexTest:115 - Элементовна странице: 5
2019-09-24 14:13:46 INFO  yandexTest:122 - Quit
2019-09-24 14:16:45 INFO  yandexTest:31 - Before CHROME
2019-09-24 14:16:53 INFO  yandexTest:52 - Переходим в Маркет
2019-09-24 14:17:01 INFO  yandexTest:55 - Переходим в Электронику
2019-09-24 14:17:04 INFO  yandexTest:58 - Переходим в Телевизоры
2019-09-24 14:17:11 INFO  yandexTest:61 - Устанавливаем цену
2019-09-24 14:17:13 INFO  yandexTest:67 - Устанавливаем диагональ
2019-09-24 14:17:22 INFO  yandexTest:77 - Находим элементы с пометкой "Выбор покупателя"
2019-09-24 14:17:22 INFO  yandexTest:80 - Добавляем товары к сравнению
2019-09-24 14:17:35 INFO  yandexTest:107 - Переходим к сравнению
2019-09-24 14:17:41 INFO  yandexTest:111 - Проверяем количество элементов на странице
2019-09-24 14:17:41 INFO  yandexTest:117 - Элементов на странице: 5
2019-09-24 14:17:41 INFO  yandexTest:124 - Quit
2019-09-24 14:18:16 INFO  yandexTest:31 - Before CHROME
2019-09-24 14:18:24 INFO  yandexTest:52 - Переходим в Маркет
2019-09-24 14:18:29 INFO  yandexTest:55 - Переходим в Электронику
2019-09-24 14:18:32 INFO  yandexTest:58 - Переходим в Телевизоры
2019-09-24 14:18:40 INFO  yandexTest:61 - Устанавливаем цену
2019-09-24 14:18:41 INFO  yandexTest:67 - Устанавливаем диагональ
2019-09-24 14:18:49 INFO  yandexTest:77 - Находим элементы с пометкой "Выбор покупателя"
2019-09-24 14:18:49 INFO  yandexTest:80 - Добавляем товары к сравнению
2019-09-24 14:18:50 INFO  yandexTest:89 - Товар Телевизор BBK 32LEM-1045/T2C добавлен к сравнению
2019-09-24 14:18:51 INFO  yandexTest:124 - Quit
2019-09-24 14:19:27 INFO  yandexTest:31 - Before CHROME
2019-09-24 14:19:35 INFO  yandexTest:52 - Переходим в Маркет
2019-09-24 14:19:40 INFO  yandexTest:55 - Переходим в Электронику
2019-09-24 14:19:42 INFO  yandexTest:58 - Переходим в Телевизоры
2019-09-24 14:19:50 INFO  yandexTest:61 - Устанавливаем цену
2019-09-24 14:19:52 INFO  yandexTest:67 - Устанавливаем диагональ
2019-09-24 14:20:00 INFO  yandexTest:77 - Находим элементы с пометкой "Выбор покупателя"
2019-09-24 14:20:00 INFO  yandexTest:80 - Добавляем товары к сравнению
2019-09-24 14:20:01 INFO  yandexTest:89 - Товар Телевизор BBK 32LEM-1045/T2C добавлен к сравнению
2019-09-24 14:20:02 INFO  yandexTest:89 - Товар Телевизор Irbis 32S31HD307B добавлен к сравнению
2019-09-24 14:20:03 INFO  yandexTest:89 - Товар Телевизор Prestigio 32 Space S добавлен к сравнению
2019-09-24 14:20:04 INFO  yandexTest:89 - Товар Телевизор Thomson T32RTE1220 добавлен к сравнению
2019-09-24 14:20:05 INFO  yandexTest:89 - Товар Телевизор Thomson T32RTE1250 добавлен к сравнению
2019-09-24 14:20:13 INFO  yandexTest:107 - Переходим к сравнению
2019-09-24 14:20:16 INFO  yandexTest:111 - Проверяем количество элементов на странице
2019-09-24 14:20:17 INFO  yandexTest:117 - Элементов на странице: 5
2019-09-24 14:20:17 INFO  yandexTest:124 - Quit
2019-09-24 15:39:03 INFO  yandexTest:31 - Before CHROME
2019-09-24 15:39:13 INFO  yandexTest:52 - Переходим в Маркет
2019-09-24 15:39:20 INFO  yandexTest:55 - Переходим в Электронику
2019-09-24 15:39:23 INFO  yandexTest:58 - Переходим в Телевизоры
2019-09-24 15:39:33 INFO  yandexTest:61 - Устанавливаем цену
2019-09-24 15:39:36 INFO  yandexTest:67 - Устанавливаем диагональ
2019-09-24 15:39:46 INFO  yandexTest:77 - Находим элементы с пометкой "Выбор покупателя"
2019-09-24 15:39:46 INFO  yandexTest:80 - Добавляем товары к сравнению
2019-09-24 15:39:47 INFO  yandexTest:89 - Товар Телевизор BBK 32LEM-1045/T2C добавлен к сравнению
2019-09-24 15:39:48 INFO  yandexTest:89 - Товар Телевизор Irbis 32S31HD307B добавлен к сравнению
2019-09-24 15:39:50 INFO  yandexTest:89 - Товар Телевизор Prestigio 32 Space S добавлен к сравнению
2019-09-24 15:39:51 INFO  yandexTest:89 - Товар Телевизор Thomson T32RTE1220 добавлен к сравнению
2019-09-24 15:39:52 INFO  yandexTest:89 - Товар Телевизор Thomson T32RTE1250 добавлен к сравнению
2019-09-24 15:40:01 INFO  yandexTest:107 - Переходим к сравнению
2019-09-24 15:40:05 INFO  yandexTest:111 - Проверяем количество элементов на странице
2019-09-24 15:40:05 INFO  yandexTest:117 - Элементов на странице: 5
2019-09-24 15:40:05 INFO  yandexTest:124 - Quit
2019-09-24 15:41:08 INFO  yandexTest:31 - Before CHROME
2019-09-24 15:41:18 INFO  yandexTest:52 - Переходим в Маркет
2019-09-24 15:41:24 INFO  yandexTest:55 - Переходим в Электронику
2019-09-24 15:41:27 INFO  yandexTest:58 - Переходим в Телевизоры
2019-09-24 15:41:34 INFO  yandexTest:61 - Устанавливаем цену
2019-09-24 15:41:37 INFO  yandexTest:67 - Устанавливаем диагональ
2019-09-24 15:41:46 INFO  yandexTest:77 - Находим элементы с пометкой "Выбор покупателя"
2019-09-24 15:41:46 INFO  yandexTest:80 - Добавляем товары к сравнению
2019-09-24 15:41:47 INFO  yandexTest:89 - Товар Телевизор BBK 32LEM-1045/T2C добавлен к сравнению
2019-09-24 15:41:48 INFO  yandexTest:89 - Товар Телевизор Irbis 32S31HD307B добавлен к сравнению
2019-09-24 15:41:50 INFO  yandexTest:89 - Товар Телевизор Prestigio 32 Space S добавлен к сравнению
2019-09-24 15:41:51 INFO  yandexTest:89 - Товар Телевизор Prestigio 32 Space S добавлен к сравнению
2019-09-24 15:41:52 INFO  yandexTest:89 - Товар Телевизор Thomson T32RTE1250 добавлен к сравнению
2019-09-24 15:42:01 INFO  yandexTest:103 - Переходим к сравнению
2019-09-24 15:42:04 INFO  yandexTest:106 - Проверяем количество элементов на странице
2019-09-24 15:42:04 INFO  yandexTest:109 - Элементов на странице: 5
2019-09-24 15:42:04 INFO  yandexTest:116 - Quit
